生成启动时间为 2020-12-27 20:51:39。
     1>项目“D:\office\Visual Studio\EmWin_C++\SimulationTrial.vcxproj”在节点 2 上(Build 个目标)。
     1>C:\Program Files (x86)\MSBuild\Microsoft.Cpp\v4.0\V120\Microsoft.CppBuild.targets(935,5): warning MSB8027: Two or more files with the name of GUIConf.c will produce outputs to the same location. This can lead to an incorrect build result.  The files involved are Config\GUIConf.c, Sample\Tutorial\MEMDEV_WindowEffects\GUIConf.c, Sample\Tutorial\MTOUCH_PictureViewer\GUIConf.c, Sample\Tutorial\WIDGET_Treeview\GUIConf.c.
     1>C:\Program Files (x86)\MSBuild\Microsoft.Cpp\v4.0\V120\Microsoft.CppBuild.targets(935,5): warning MSB8027: Two or more files with the name of LCDConf.c will produce outputs to the same location. This can lead to an incorrect build result.  The files involved are Config\LCDConf.c, Sample\Tutorial\ALPHA_DawBitmapHWAlpha\LCDConf.c, Sample\Tutorial\ALPHA_TransparentDialog\LCDConf.c, Sample\Tutorial\COLOR_DemoLUT\LCDConf.c, Sample\Tutorial\MEMDEV_ImageFlow\LCDConf.c, Sample\Tutorial\MEMDEV_ListWheelEffects\LCDConf.c, Sample\Tutorial\MEMDEV_WindowEffects\LCDConf.c, Sample\Tutorial\MOTION_IconSlide\LCDConf.c, Sample\Tutorial\MOTION_SmartPhoneMenu\LCDConf.c, Sample\Tutorial\MTOUCH_PictureViewer\LCDConf.c, Sample\Tutorial\MULTILAYER_AlphaChromaMove\LCDConf.c, Sample\Tutorial\MULTILAYER_IconSlide\LCDConf.c, Sample\Tutorial\MULTILAYER_PictureViewer\LCDConf.c, Sample\Tutorial\MULTILAYER_WinterAnimation\LCDConf.c, Sample\Tutorial\SIM_CustomBitmapView\LCDConf.c, Sample\Tutorial\SKINNING_NestedModal\LCDConf.c, Sample\Tutorial\SKINNING_Notepad\LCDConf.c, Sample\Tutorial\VSCREEN_MultiPage\LCDConf.c, Sample\Tutorial\VSCREEN_RealTime\LCDConf.c, Sample\Tutorial\WIDGET_Amplifier\LCDConf.c, Sample\Tutorial\WIDGET_IconView\LCDConf.c, Sample\Tutorial\WIDGET_ListWheel\LCDConf.c, Sample\Tutorial\WIDGET_SchemeLarge\LCDConf.c, Sample\Tutorial\WIDGET_SchemeMedium\LCDConf.c, Sample\Tutorial\WIDGET_SchemeSmall\LCDConf.c.
     1>C:\Program Files (x86)\MSBuild\Microsoft.Cpp\v4.0\V120\Microsoft.CppBuild.targets(935,5): warning MSB8027: Two or more files with the name of SIMConf.c will produce outputs to the same location. This can lead to an incorrect build result.  The files involved are Config\SIMConf.c, Sample\Tutorial\ALPHA_DawBitmapHWAlpha\SIMConf.c, Sample\Tutorial\MULTILAYER_AlphaChromaMove\SIMConf.c, Sample\Tutorial\MULTILAYER_IconSlide\SIMConf.c, Sample\Tutorial\MULTILAYER_PictureViewer\SIMConf.c, Sample\Tutorial\MULTILAYER_WinterAnimation\SIMConf.c, Sample\Tutorial\SIM_CustomBitmapView\SIMConf.c, Sample\Tutorial\SIM_HardKey\SIMConf.c.
     1>ClCompile:
         C:\Program Files (x86)\Microsoft Visual Studio 12.0\VC\bin\CL.exe /c /IGUI\Include /IConfig /ZI /nologo /W3 /WX- /Od /Oy- /D _DEBUG /D TARGET_1375_C8_137X /D WIN32 /D _WINDOWS /D _VC80_UPGRADE=0x0600 /D _MBCS /Gm /EHsc /RTC1 /MTd /GS /Gy- /fp:precise /Zc:wchar_t /Zc:forScope /Fo".\Output\Debug\\" /Fd".\Output\Debug\vc120.pdb" /Gd /TC /analyze- /errorReport:prompt Config\GUIConf.c Config\LCDConf.c Config\SIMConf.c Simulation\WinMain.c
         WinMain.c
         SIMConf.c
         LCDConf.c
         GUIConf.c
         正在生成代码...
         C:\Program Files (x86)\Microsoft Visual Studio 12.0\VC\bin\CL.exe /c /IGUI\Include /IConfig /ZI /nologo /W3 /WX- /Od /Oy- /D _DEBUG /D TARGET_1375_C8_137X /D WIN32 /D _WINDOWS /D _VC80_UPGRADE=0x0600 /D _MBCS /Gm /EHsc /RTC1 /MTd /GS /Gy- /fp:precise /Zc:wchar_t /Zc:forScope /Fo".\Output\Debug\\" /Fd".\Output\Debug\vc120.pdb" /Gd /TP /analyze- /errorReport:prompt Demo\Desktop.cpp Demo\InfraredControl.cpp Demo\jackControl.cpp Demo\LampControl.cpp MyGui\GUIDEMO_Start.cpp MyGui\HideWidget.cpp MyGui\MainMenuButton.cpp MyGui\Mbutton.cpp MyGui\MMultiPage.cpp MyGui\MSignal.cpp MyGui\MSlider.cpp MyGui\MText.cpp MyGui\MulitButton.cpp MyGui\MWidget.cpp
         MWidget.cpp
     1>d:\office\visual studio\emwin_c++\mygui\mwidget.cpp(355): warning C4101: “Id”: 未引用的局部变量
         MulitButton.cpp
         MText.cpp
         MSlider.cpp
         MSignal.cpp
         MMultiPage.cpp
         Mbutton.cpp
         MainMenuButton.cpp
         HideWidget.cpp
         GUIDEMO_Start.cpp
     1>d:\office\visual studio\emwin_c++\mygui\guidemo_start.cpp(47): warning C4101: “text”: 未引用的局部变量
     1>d:\office\visual studio\emwin_c++\mygui\guidemo_start.cpp(48): warning C4101: “text2”: 未引用的局部变量
     1>d:\office\visual studio\emwin_c++\mygui\guidemo_start.cpp(49): warning C4101: “button”: 未引用的局部变量
     1>d:\office\visual studio\emwin_c++\mygui\guidemo_start.cpp(50): warning C4101: “Slider”: 未引用的局部变量
         LampControl.cpp
         jackControl.cpp
         InfraredControl.cpp
         Desktop.cpp
         正在生成代码...
       Link:
         C:\Program Files (x86)\Microsoft Visual Studio 12.0\VC\bin\link.exe /ERRORREPORT:PROMPT /OUT:"D:\office\Visual Studio\EmWin_C++\.\Output\Debug\SimulationTrial.exe" /INCREMENTAL /NOLOGO winmm.lib ws2_32.lib kernel32.lib user32.lib gdi32.lib winspool.lib comdlg32.lib advapi32.lib shell32.lib ole32.lib oleaut32.lib uuid.lib odbc32.lib odbccp32.lib /NODEFAULTLIB:libc.lib /NODEFAULTLIB:libcmt.lib /MANIFEST /MANIFESTUAC:"level='asInvoker' uiAccess='false'" /manifest:embed /DEBUG /PDB:".\Output\Debug\SimulationTrial.pdb" /SUBSYSTEM:WINDOWS /TLBID:1 /DYNAMICBASE /NXCOMPAT /IMPLIB:".\Output\Debug\SimulationTrial.lib" /MACHINE:X86 /SAFESEH:NO .\Output\Debug\GUIConf.obj
         .\Output\Debug\LCDConf.obj
         .\Output\Debug\SIMConf.obj
         .\Output\Debug\Desktop.obj
         .\Output\Debug\InfraredControl.obj
         .\Output\Debug\jackControl.obj
         .\Output\Debug\LampControl.obj
         .\Output\Debug\GUIDEMO_Start.obj
         .\Output\Debug\HideWidget.obj
         .\Output\Debug\MainMenuButton.obj
         .\Output\Debug\Mbutton.obj
         .\Output\Debug\MMultiPage.obj
         .\Output\Debug\MSignal.obj
         .\Output\Debug\MSlider.obj
         .\Output\Debug\MText.obj
         .\Output\Debug\MulitButton.obj
         .\Output\Debug\MWidget.obj
         .\Output\Debug\WinMain.obj
         GUI\Library\GUI.lib
         Simulation\GUISim.lib
         Simulation\Simulation.res
         SimulationTrial.vcxproj -> D:\office\Visual Studio\EmWin_C++\.\Output\Debug\SimulationTrial.exe
     1>已完成生成项目“D:\office\Visual Studio\EmWin_C++\SimulationTrial.vcxproj”(Build 个目标)的操作。

生成成功。

已用时间 00:00:07.39
