e:\办公\visual studio\自定义控件\output\debug\vc120.pdb
e:\办公\visual studio\自定义控件\output\debug\vc120.idb
e:\办公\visual studio\自定义控件\output\debug\guiconf.obj
e:\办公\visual studio\自定义控件\output\debug\lcdconf.obj
e:\办公\visual studio\自定义控件\output\debug\simconf.obj
e:\办公\visual studio\自定义控件\output\debug\winmain.obj
e:\办公\visual studio\自定义控件\output\debug\guidemo_start.obj
e:\办公\visual studio\自定义控件\output\debug\mbutton.obj
e:\办公\visual studio\自定义控件\output\debug\mmultipage.obj
e:\办公\visual studio\自定义控件\output\debug\msignal.obj
e:\办公\visual studio\自定义控件\output\debug\mtext.obj
e:\办公\visual studio\自定义控件\output\debug\mwidget.obj
e:\办公\visual studio\自定义控件\output\debug\simulationtrial.ilk
e:\办公\visual studio\自定义控件\output\debug\simulationtrial.exe
e:\办公\visual studio\自定义控件\output\debug\simulationtrial.pdb
e:\办公\visual studio\自定义控件\.\output\debug\simulationtrial.exe
e:\办公\visual studio\自定义控件\output\debug\simulationtrial.tlog\cl.command.1.tlog
e:\办公\visual studio\自定义控件\output\debug\simulationtrial.tlog\cl.read.1.tlog
e:\办公\visual studio\自定义控件\output\debug\simulationtrial.tlog\cl.write.1.tlog
e:\办公\visual studio\自定义控件\output\debug\simulationtrial.tlog\link.command.1.tlog
e:\办公\visual studio\自定义控件\output\debug\simulationtrial.tlog\link.read.1.tlog
e:\办公\visual studio\自定义控件\output\debug\simulationtrial.tlog\link.write.1.tlog
